0 info it worked if it ends with ok
1 verbose cli [ '/home/ubuntu/.nvm/v0.10.33/bin/node',
1 verbose cli   '/home/ubuntu/.nvm/v0.10.33/bin/npm',
1 verbose cli   'publish' ]
2 info using npm@1.4.28
3 info using node@v0.10.33
4 verbose publish [ '.' ]
5 verbose cache add [ '.', null ]
6 verbose cache add name=undefined spec="." args=[".",null]
7 verbose parsed url { protocol: null,
7 verbose parsed url   slashes: null,
7 verbose parsed url   auth: null,
7 verbose parsed url   host: null,
7 verbose parsed url   port: null,
7 verbose parsed url   hostname: null,
7 verbose parsed url   hash: null,
7 verbose parsed url   search: null,
7 verbose parsed url   query: null,
7 verbose parsed url   pathname: '.',
7 verbose parsed url   path: '.',
7 verbose parsed url   href: '.' }
8 silly lockFile 3a52ce78- .
9 verbose lock . /home/ubuntu/.npm/3a52ce78-.lock
10 verbose tar pack [ '/home/ubuntu/.npm/classtype/1.0.0/package.tgz', '.' ]
11 verbose tarball /home/ubuntu/.npm/classtype/1.0.0/package.tgz
12 verbose folder .
13 info prepublish classtype@1.0.0
14 silly lockFile 1f1177db-tar tar://.
15 verbose lock tar://. /home/ubuntu/.npm/1f1177db-tar.lock
16 silly lockFile 0649def7--npm-classtype-1-0-0-package-tgz tar:///home/ubuntu/.npm/classtype/1.0.0/package.tgz
17 verbose lock tar:///home/ubuntu/.npm/classtype/1.0.0/package.tgz /home/ubuntu/.npm/0649def7--npm-classtype-1-0-0-package-tgz.lock
18 silly lockFile 1f1177db-tar tar://.
19 silly lockFile 1f1177db-tar tar://.
20 silly lockFile 0649def7--npm-classtype-1-0-0-package-tgz tar:///home/ubuntu/.npm/classtype/1.0.0/package.tgz
21 silly lockFile 0649def7--npm-classtype-1-0-0-package-tgz tar:///home/ubuntu/.npm/classtype/1.0.0/package.tgz
22 silly lockFile 1ad68bb1-untu-npm-classtype-1-0-0-package /home/ubuntu/.npm/classtype/1.0.0/package
23 verbose lock /home/ubuntu/.npm/classtype/1.0.0/package /home/ubuntu/.npm/1ad68bb1-untu-npm-classtype-1-0-0-package.lock
24 silly lockFile 1ad68bb1-untu-npm-classtype-1-0-0-package /home/ubuntu/.npm/classtype/1.0.0/package
25 silly lockFile 1ad68bb1-untu-npm-classtype-1-0-0-package /home/ubuntu/.npm/classtype/1.0.0/package
26 silly lockFile 3a52ce78- .
27 silly lockFile 3a52ce78- .
28 silly publish { name: 'classtype',
28 silly publish   version: '1.0.0',
28 silly publish   description: 'Object-oriented programming in JavaScript',
28 silly publish   author: { name: 'Sergei Korenkov', email: 'classtype@mail.ru' },
28 silly publish   contributors: [ { name: 'Sergei Korenkov', email: 'classtype@mail.ru' } ],
28 silly publish   main: 'build/classtype.min.js',
28 silly publish   homepage: 'http://github.com/classtype/classtype',
28 silly publish   repository: { type: 'git', url: 'git://github.com/classtype/classtype.git' },
28 silly publish   bugs: { url: 'http://github.com/classtype/classtype/issues' },
28 silly publish   licenses:
28 silly publish    [ { type: 'MIT',
28 silly publish        url: 'https://github.com/classtype/classtype/blob/master/LICENSE' } ],
28 silly publish   keywords:
28 silly publish    [ 'Object-oriented programming in JavaScript',
28 silly publish      'OOP',
28 silly publish      'Class',
28 silly publish      'Classtype' ],
28 silly publish   readme: 'http://closure-compiler.appspot.com/home',
28 silly publish   readmeFilename: 'README.md',
28 silly publish   gitHead: 'b3a03ee181eaf474f53a739ab93bfc1541af272b',
28 silly publish   _id: 'classtype@1.0.0',
28 silly publish   scripts: {},
28 silly publish   _shasum: '1a2b972a8cabd4806b06228ed8b827beb644a8fa',
28 silly publish   _from: '.' }
29 verbose request where is /classtype
30 verbose request registry https://registry.npmjs.org/
31 verbose request id 9327d2b32b3a7917
32 verbose url raw /classtype
33 verbose url resolving [ 'https://registry.npmjs.org/', './classtype' ]
34 verbose url resolved https://registry.npmjs.org/classtype
35 verbose request where is https://registry.npmjs.org/classtype
36 info trying registry request attempt 1 at 10:15:14
37 http PUT https://registry.npmjs.org/classtype
38 http 403 https://registry.npmjs.org/classtype
39 verbose headers { date: 'Sun, 11 Jan 2015 10:15:15 GMT',
39 verbose headers   server: 'CouchDB/1.5.0 (Erlang OTP/R16B03)',
39 verbose headers   'content-type': 'application/json',
39 verbose headers   'cache-control': 'max-age=60',
39 verbose headers   'content-length': '2564',
39 verbose headers   'accept-ranges': 'bytes',
39 verbose headers   via: '1.1 varnish',
39 verbose headers   'x-served-by': 'cache-lcy1130-LCY',
39 verbose headers   'x-cache': 'MISS',
39 verbose headers   'x-cache-hits': '0',
39 verbose headers   'x-timer': 'S1420971314.519468,VS0,VE733',
39 verbose headers   'keep-alive': 'timeout=10, max=50',
39 verbose headers   connection: 'Keep-Alive' }
40 error publish Failed PUT 403
41 error Error: forbidden cannot modify pre-existing version: 1.0.0
41 error old={"name":"classtype","version":"1.0.0","description":"Object-oriented programming in JavaScript","author":{"name":"Sergei Korenkov","email":"classtype@mail.ru"},"contributors":[{"name":"Sergei Korenkov","email":"classtype@mail.ru"}],"main":"build/classtype.min.js","homepage":"http://github.com/classtype/classtype","repository":{"type":"git","url":"git://github.com/classtype/classtype.git"},"bugs":{"url":"http://github.com/classtype/classtype/issues"},"licenses":[{"type":"MIT","url":"https://github.com/classtype/classtype/blob/master/LICENSE"}],"keywords":["Object-oriented programming in JavaScript","OOP","Class","Classtype"],"gitHead":"ae0c452d81ed2f073c02a65ae917f39fdcc374e5","_id":"classtype@1.0.0","scripts":{},"_shasum":"886c14aff5a61fd4c7e3c3e1e10148bde8e743db","_from":".","_npmVersion":"1.4.28","_npmUser":{"name":"classtype","email":"classtype@mail.ru"},"maintainers":[{"name":"classtype","email":"classtype@mail.ru"}],"dist":{"shasum":"886c14aff5a61fd4c7e3c3e1e10148bde8e743db","tarball":"http://registry.npmjs.org/classtype/-/classtype-1.0.0.tgz"}}
41 error new={"name":"classtype","version":"1.0.0","description":"Object-oriented programming in JavaScript","author":{"name":"Sergei Korenkov","email":"classtype@mail.ru"},"contributors":[{"name":"Sergei Korenkov","email":"classtype@mail.ru"}],"main":"build/classtype.min.js","homepage":"http://github.com/classtype/classtype","repository":{"type":"git","url":"git://github.com/classtype/classtype.git"},"bugs":{"url":"http://github.com/classtype/classtype/issues"},"licenses":[{"type":"MIT","url":"https://github.com/classtype/classtype/blob/master/LICENSE"}],"keywords":["Object-oriented programming in JavaScript","OOP","Class","Classtype"],"readme":"http://closure-compiler.appspot.com/home","readmeFilename":"README.md","gitHead":"b3a03ee181eaf474f53a739ab93bfc1541af272b","_id":"classtype@1.0.0","scripts":{},"_shasum":"1a2b972a8cabd4806b06228ed8b827beb644a8fa","_from":".","_npmVersion":"1.4.28","_npmUser":{"name":"classtype","email":"classtype@mail.ru"},"maintainers":[{"name":"classtype","email":"classtype@mail.ru"}],"dist":{"shasum":"1a2b972a8cabd4806b06228ed8b827beb644a8fa","tarball":"http://registry.npmjs.org/classtype/-/classtype-1.0.0.tgz"}}: classtype
41 error     at RegClient.<anonymous> (/home/ubuntu/.nvm/v0.10.33/lib/node_modules/npm/node_modules/npm-registry-client/lib/request.js:308:14)
41 error     at Request._callback (/home/ubuntu/.nvm/v0.10.33/lib/node_modules/npm/node_modules/npm-registry-client/lib/request.js:246:65)
41 error     at Request.self.callback (/home/ubuntu/.nvm/v0.10.33/lib/node_modules/npm/node_modules/request/request.js:236:22)
41 error     at Request.emit (events.js:98:17)
41 error     at Request.<anonymous> (/home/ubuntu/.nvm/v0.10.33/lib/node_modules/npm/node_modules/request/request.js:1142:14)
41 error     at Request.emit (events.js:117:20)
41 error     at IncomingMessage.<anonymous> (/home/ubuntu/.nvm/v0.10.33/lib/node_modules/npm/node_modules/request/request.js:1096:12)
41 error     at IncomingMessage.emit (events.js:117:20)
41 error     at _stream_readable.js:943:16
41 error     at process._tickCallback (node.js:419:13)
42 error If you need help, you may report this *entire* log,
42 error including the npm and node versions, at:
42 error     <http://github.com/npm/npm/issues>
43 error System Linux 3.14.13-c9
44 error command "/home/ubuntu/.nvm/v0.10.33/bin/node" "/home/ubuntu/.nvm/v0.10.33/bin/npm" "publish"
45 error cwd /home/ubuntu/workspace
46 error node -v v0.10.33
47 error npm -v 1.4.28
48 verbose exit [ 1, true ]
